#
# There is insufficient memory for the Java Runtime Environment to continue.
# Native memory allocation (mmap) failed to map 536870912 bytes for committing reserved memory.
# Possible reasons:
#   The system is out of physical RAM or swap space
#   In 32 bit mode, the process size limit was hit
# Possible solutions:
#   Reduce memory load on the system
#   Increase physical memory or swap space
#   Check if swap backing store is full
#   Use 64 bit Java on a 64 bit OS
#   Decrease Java heap size (-Xmx/-Xms)
#   Decrease number of Java threads
#   Decrease Java thread stack sizes (-Xss)
#   Set larger code cache with -XX:ReservedCodeCacheSize=
# This output file may be truncated or incomplete.
#
#  Out of Memory Error (os_linux.cpp:2643), pid=29842, tid=0x00007fa92e648700
#
# JRE version:  (8.0_151-b12) (build )
# Java VM: OpenJDK 64-Bit Server VM (25.151-b12 mixed mode linux-amd64 compressed oops)
# Failed to write core dump. Core dumps have been disabled. To enable core dumping, try "ulimit -c unlimited" before starting Java again
#

---------------  T H R E A D  ---------------

Current thread (0x00007fa928016000):  JavaThread "Unknown thread" [_thread_in_vm, id=29844, stack(0x00007fa92e548000,0x00007fa92e649000)]

Stack: [0x00007fa92e548000,0x00007fa92e649000],  sp=0x00007fa92e647630,  free space=1021k
Native frames: (J=compiled Java code, j=interpreted, Vv=VM code, C=native code)
V  [libjvm.so+0xa684eb]
V  [libjvm.so+0x4c579c]
V  [libjvm.so+0x8b6b50]
V  [libjvm.so+0x8b0fce]
V  [libjvm.so+0x92b806]
V  [libjvm.so+0x91c313]
V  [libjvm.so+0x2af221]
V  [libjvm.so+0x8dbe59]
V  [libjvm.so+0xa2bac9]
V  [libjvm.so+0xa2bd12]
V  [libjvm.so+0x60f73f]
V  [libjvm.so+0xa1107a]
V  [libjvm.so+0x6898b2]  JNI_CreateJavaVM+0x62
C  [libjli.so+0x2f2e]
C  [libjli.so+0x73dd]
C  [libpthread.so.0+0x76ba]  start_thread+0xca


---------------  P R O C E S S  ---------------

Java Threads: ( => current thread )

Other Threads:

=>0x00007fa928016000 (exited) JavaThread "Unknown thread" [_thread_in_vm, id=29844, stack(0x00007fa92e548000,0x00007fa92e649000)]

VM state:not at safepoint (not fully initialized)

VM Mutex/Monitor currently owned by a thread: None

GC Heap History (0 events):
No events

Deoptimization events (0 events):
No events

Internal exceptions (0 events):
No events

Events (0 events):
No events


Dynamic libraries:
00400000-00401000 r-xp 00000000 08:06 5900866                            /usr/lib/jvm/java-8-openjdk-amd64/jre/bin/java
00600000-00601000 r--p 00000000 08:06 5900866                            /usr/lib/jvm/java-8-openjdk-amd64/jre/bin/java
00601000-00602000 rw-p 00001000 08:06 5900866                            /usr/lib/jvm/java-8-openjdk-amd64/jre/bin/java
009e9000-00a0a000 rw-p 00000000 00:00 0                                  [heap]
f0000000-100000000 rw-p 00000000 00:00 0 
7fa917823000-7fa917923000 ---p 00000000 00:00 0 
7fa917923000-7fa9179ae000 rw-p 00000000 00:00 0 
7fa9179ae000-7fa917d64000 ---p 00000000 00:00 0 
7fa917d64000-7fa917fd4000 rwxp 00000000 00:00 0 
7fa917fd4000-7fa926d64000 ---p 00000000 00:00 0 
7fa926d64000-7fa926d6c000 r-xp 00000000 08:06 5900842                    /usr/lib/jvm/java-8-openjdk-amd64/jre/lib/amd64/libzip.so
7fa926d6c000-7fa926f6b000 ---p 00008000 08:06 5900842                    /usr/lib/jvm/java-8-openjdk-amd64/jre/lib/amd64/libzip.so
7fa926f6b000-7fa926f6c000 r--p 00007000 08:06 5900842                    /usr/lib/jvm/java-8-openjdk-amd64/jre/lib/amd64/libzip.so
7fa926f6c000-7fa926f6d000 rw-p 00008000 08:06 5900842                    /usr/lib/jvm/java-8-openjdk-amd64/jre/lib/amd64/libzip.so
7fa926f6d000-7fa926f78000 r-xp 00000000 08:06 25826106                   /lib/x86_64-linux-gnu/libnss_files-2.23.so
7fa926f78000-7fa927177000 ---p 0000b000 08:06 25826106                   /lib/x86_64-linux-gnu/libnss_files-2.23.so
7fa927177000-7fa927178000 r--p 0000a000 08:06 25826106                   /lib/x86_64-linux-gnu/libnss_files-2.23.so
7fa927178000-7fa927179000 rw-p 0000b000 08:06 25826106                   /lib/x86_64-linux-gnu/libnss_files-2.23.so
7fa927179000-7fa92717f000 rw-p 00000000 00:00 0 
7fa92717f000-7fa92718a000 r-xp 00000000 08:06 25826110                   /lib/x86_64-linux-gnu/libnss_nis-2.23.so
7fa92718a000-7fa927389000 ---p 0000b000 08:06 25826110                   /lib/x86_64-linux-gnu/libnss_nis-2.23.so
7fa927389000-7fa92738a000 r--p 0000a000 08:06 25826110                   /lib/x86_64-linux-gnu/libnss_nis-2.23.so
7fa92738a000-7fa92738b000 rw-p 0000b000 08:06 25826110                   /lib/x86_64-linux-gnu/libnss_nis-2.23.so
7fa92738b000-7fa9273a1000 r-xp 00000000 08:06 25825723                   /lib/x86_64-linux-gnu/libnsl-2.23.so
7fa9273a1000-7fa9275a0000 ---p 00016000 08:06 25825723                   /lib/x86_64-linux-gnu/libnsl-2.23.so
7fa9275a0000-7fa9275a1000 r--p 00015000 08:06 25825723                   /lib/x86_64-linux-gnu/libnsl-2.23.so
7fa9275a1000-7fa9275a2000 rw-p 00016000 08:06 25825723                   /lib/x86_64-linux-gnu/libnsl-2.23.so
7fa9275a2000-7fa9275a4000 rw-p 00000000 00:00 0 
7fa9275a4000-7fa9275ac000 r-xp 00000000 08:06 25825875                   /lib/x86_64-linux-gnu/libnss_compat-2.23.so
7fa9275ac000-7fa9277ab000 ---p 00008000 08:06 25825875                   /lib/x86_64-linux-gnu/libnss_compat-2.23.so
7fa9277ab000-7fa9277ac000 r--p 00007000 08:06 25825875                   /lib/x86_64-linux-gnu/libnss_compat-2.23.so
7fa9277ac000-7fa9277ad000 rw-p 00008000 08:06 25825875                   /lib/x86_64-linux-gnu/libnss_compat-2.23.so
7fa9277ad000-7fa9277b7000 r-xp 00000000 08:06 5900830                    /usr/lib/jvm/java-8-openjdk-amd64/jre/lib/amd64/libinstrument.so
7fa9277b7000-7fa9279b6000 ---p 0000a000 08:06 5900830                    /usr/lib/jvm/java-8-openjdk-amd64/jre/lib/amd64/libinstrument.so
7fa9279b6000-7fa9279b7000 r--p 00009000 08:06 5900830                    /usr/lib/jvm/java-8-openjdk-amd64/jre/lib/amd64/libinstrument.so
7fa9279b7000-7fa9279b8000 rw-p 0000a000 08:06 5900830                    /usr/lib/jvm/java-8-openjdk-amd64/jre/lib/amd64/libinstrument.so
7fa9279b8000-7fa9279e5000 r-xp 00000000 08:06 5900823                    /usr/lib/jvm/java-8-openjdk-amd64/jre/lib/amd64/libjava.so
7fa9279e5000-7fa927be4000 ---p 0002d000 08:06 5900823                    /usr/lib/jvm/java-8-openjdk-amd64/jre/lib/amd64/libjava.so
7fa927be4000-7fa927be5000 r--p 0002c000 08:06 5900823                    /usr/lib/jvm/java-8-openjdk-amd64/jre/lib/amd64/libjava.so
7fa927be5000-7fa927be7000 rw-p 0002d000 08:06 5900823                    /usr/lib/jvm/java-8-openjdk-amd64/jre/lib/amd64/libjava.so
7fa927be7000-7fa927bf6000 r-xp 00000000 08:06 5900840                    /usr/lib/jvm/java-8-openjdk-amd64/jre/lib/amd64/libverify.so
7fa927bf6000-7fa927df5000 ---p 0000f000 08:06 5900840                    /usr/lib/jvm/java-8-openjdk-amd64/jre/lib/amd64/libverify.so
7fa927df5000-7fa927df7000 r--p 0000e000 08:06 5900840                    /usr/lib/jvm/java-8-openjdk-amd64/jre/lib/amd64/libverify.so
7fa927df7000-7fa927df8000 rw-p 00010000 08:06 5900840                    /usr/lib/jvm/java-8-openjdk-amd64/jre/lib/amd64/libverify.so
7fa927df8000-7fa927dff000 r-xp 00000000 08:06 25826111                   /lib/x86_64-linux-gnu/librt-2.23.so
7fa927dff000-7fa927ffe000 ---p 00007000 08:06 25826111                   /lib/x86_64-linux-gnu/librt-2.23.so
7fa927ffe000-7fa927fff000 r--p 00006000 08:06 25826111                   /lib/x86_64-linux-gnu/librt-2.23.so
7fa927fff000-7fa928000000 rw-p 00007000 08:06 25826111                   /lib/x86_64-linux-gnu/librt-2.23.so
7fa928000000-7fa92803e000 rw-p 00000000 00:00 0 
7fa92803e000-7fa92c000000 ---p 00000000 00:00 0 
7fa92c054000-7fa92c06a000 r-xp 00000000 08:06 25825761                   /lib/x86_64-linux-gnu/libgcc_s.so.1
7fa92c06a000-7fa92c269000 ---p 00016000 08:06 25825761                   /lib/x86_64-linux-gnu/libgcc_s.so.1
7fa92c269000-7fa92c26a000 rw-p 00015000 08:06 25825761                   /lib/x86_64-linux-gnu/libgcc_s.so.1
7fa92c26a000-7fa92c372000 r-xp 00000000 08:06 25825695                   /lib/x86_64-linux-gnu/libm-2.23.so
7fa92c372000-7fa92c571000 ---p 00108000 08:06 25825695                   /lib/x86_64-linux-gnu/libm-2.23.so
7fa92c571000-7fa92c572000 r--p 00107000 08:06 25825695                   /lib/x86_64-linux-gnu/libm-2.23.so
7fa92c572000-7fa92c573000 rw-p 00108000 08:06 25825695                   /lib/x86_64-linux-gnu/libm-2.23.so
7fa92c573000-7fa92c6e5000 r-xp 00000000 08:06 5508903                    /usr/lib/x86_64-linux-gnu/libstdc++.so.6.0.21
7fa92c6e5000-7fa92c8e5000 ---p 00172000 08:06 5508903                    /usr/lib/x86_64-linux-gnu/libstdc++.so.6.0.21
7fa92c8e5000-7fa92c8ef000 r--p 00172000 08:06 5508903                    /usr/lib/x86_64-linux-gnu/libstdc++.so.6.0.21
7fa92c8ef000-7fa92c8f1000 rw-p 0017c000 08:06 5508903                    /usr/lib/x86_64-linux-gnu/libstdc++.so.6.0.21
7fa92c8f1000-7fa92c8f5000 rw-p 00000000 00:00 0 
7fa92c8f5000-7fa92d547000 r-xp 00000000 08:06 5900834                    /usr/lib/jvm/java-8-openjdk-amd64/jre/lib/amd64/server/libjvm.so
7fa92d547000-7fa92d747000 ---p 00c52000 08:06 5900834                    /usr/lib/jvm/java-8-openjdk-amd64/jre/lib/amd64/server/libjvm.so
7fa92d747000-7fa92d7da000 r--p 00c52000 08:06 5900834                    /usr/lib/jvm/java-8-openjdk-amd64/jre/lib/amd64/server/libjvm.so
7fa92d7da000-7fa92d803000 rw-p 00ce5000 08:06 5900834                    /usr/lib/jvm/java-8-openjdk-amd64/jre/lib/amd64/server/libjvm.so
7fa92d803000-7fa92d833000 rw-p 00000000 00:00 0 
7fa92d833000-7fa92d84b000 r-xp 00000000 08:06 25825747                   /lib/x86_64-linux-gnu/libpthread-2.23.so
7fa92d84b000-7fa92da4a000 ---p 00018000 08:06 25825747                   /lib/x86_64-linux-gnu/libpthread-2.23.so
7fa92da4a000-7fa92da4b000 r--p 00017000 08:06 25825747                   /lib/x86_64-linux-gnu/libpthread-2.23.so
7fa92da4b000-7fa92da4c000 rw-p 00018000 08:06 25825747                   /lib/x86_64-linux-gnu/libpthread-2.23.so
7fa92da4c000-7fa92da50000 rw-p 00000000 00:00 0 
7fa92da50000-7fa92da53000 r-xp 00000000 08:06 25825816                   /lib/x86_64-linux-gnu/libdl-2.23.so
7fa92da53000-7fa92dc52000 ---p 00003000 08:06 25825816                   /lib/x86_64-linux-gnu/libdl-2.23.so
7fa92dc52000-7fa92dc53000 r--p 00002000 08:06 25825816                   /lib/x86_64-linux-gnu/libdl-2.23.so
7fa92dc53000-7fa92dc54000 rw-p 00003000 08:06 25825816                   /lib/x86_64-linux-gnu/libdl-2.23.so
7fa92dc54000-7fa92dc6d000 r-xp 00000000 08:06 25825914                   /lib/x86_64-linux-gnu/libz.so.1.2.8
7fa92dc6d000-7fa92de6c000 ---p 00019000 08:06 25825914                   /lib/x86_64-linux-gnu/libz.so.1.2.8
7fa92de6c000-7fa92de6d000 r--p 00018000 08:06 25825914                   /lib/x86_64-linux-gnu/libz.so.1.2.8
7fa92de6d000-7fa92de6e000 rw-p 00019000 08:06 25825914                   /lib/x86_64-linux-gnu/libz.so.1.2.8
7fa92de6e000-7fa92e02e000 r-xp 00000000 08:06 25825754                   /lib/x86_64-linux-gnu/libc-2.23.so
7fa92e02e000-7fa92e22e000 ---p 001c0000 08:06 25825754                   /lib/x86_64-linux-gnu/libc-2.23.so
7fa92e22e000-7fa92e232000 r--p 001c0000 08:06 25825754                   /lib/x86_64-linux-gnu/libc-2.23.so
7fa92e232000-7fa92e234000 rw-p 001c4000 08:06 25825754                   /lib/x86_64-linux-gnu/libc-2.23.so
7fa92e234000-7fa92e238000 rw-p 00000000 00:00 0 
7fa92e238000-7fa92e245000 r-xp 00000000 08:06 5900838                    /usr/lib/jvm/java-8-openjdk-amd64/jre/lib/amd64/jli/libjli.so
7fa92e245000-7fa92e445000 ---p 0000d000 08:06 5900838                    /usr/lib/jvm/java-8-openjdk-amd64/jre/lib/amd64/jli/libjli.so
7fa92e445000-7fa92e446000 r--p 0000d000 08:06 5900838                    /usr/lib/jvm/java-8-openjdk-amd64/jre/lib/amd64/jli/libjli.so
7fa92e446000-7fa92e447000 rw-p 0000e000 08:06 5900838                    /usr/lib/jvm/java-8-openjdk-amd64/jre/lib/amd64/jli/libjli.so
7fa92e447000-7fa92e46d000 r-xp 00000000 08:06 25825733                   /lib/x86_64-linux-gnu/ld-2.23.so
7fa92e548000-7fa92e54b000 ---p 00000000 00:00 0 
7fa92e54b000-7fa92e64d000 rw-p 00000000 00:00 0 
7fa92e661000-7fa92e669000 rw-s 00000000 08:06 23724834                   /tmp/hsperfdata_roth/29842
7fa92e669000-7fa92e66a000 rw-p 00000000 00:00 0 
7fa92e66a000-7fa92e66b000 r--p 00000000 00:00 0 
7fa92e66b000-7fa92e66c000 rw-p 00000000 00:00 0 
7fa92e66c000-7fa92e66d000 r--p 00025000 08:06 25825733                   /lib/x86_64-linux-gnu/ld-2.23.so
7fa92e66d000-7fa92e66e000 rw-p 00026000 08:06 25825733                   /lib/x86_64-linux-gnu/ld-2.23.so
7fa92e66e000-7fa92e66f000 rw-p 00000000 00:00 0 
7ffe0b371000-7ffe0b398000 rw-p 00000000 00:00 0                          [stack]
7ffe0b3b3000-7ffe0b3b5000 r--p 00000000 00:00 0                          [vvar]
7ffe0b3b5000-7ffe0b3b7000 r-xp 00000000 00:00 0                          [vdso]
ffffffffff600000-ffffffffff601000 r-xp 00000000 00:00 0                  [vsyscall]

VM Arguments:
jvm_args: -Dgrails.env=development -Dgrails.full.stacktrace -Dinfo.app.grailsVersion=3.3.2 -Dinfo.app.name=server -Dinfo.app.version=0.1 -Djdk.reflect.allowGetCallerClass=true -Dspring.output.ansi.enabled=always -Dspringloaded=inclusions=grails.plugins..*;synchronize=true;allowSplitPackages=true;cacheDir=/home/roth/development/groovy/recruitment/modules/recruitment/server/build/springloaded -XX:+TieredCompilation -XX:TieredStopAtLevel=1 -XX:CICompilerCount=3 -javaagent:/home/roth/.gradle/caches/modules-2/files-2.1/org.springframework/springloaded/1.2.8.RELEASE/b60bac05b0451cdc1863bfec617f39aa0dcaaa43/springloaded-1.2.8.RELEASE.jar -Xverify:none -Xms768m -Xmx768m -Dfile.encoding=UTF-8 -Duser.country=PH -Duser.language=en -Duser.variant 
java_command: recruitment.Application
java_class_path (initial): /home/roth/development/groovy/recruitment/modules/recruitment/server/src/main/resources:/home/roth/development/groovy/recruitment/modules/recruitment/server/grails-app/views:/home/roth/development/groovy/recruitment/modules/recruitment/server/grails-app/i18n:/home/roth/development/groovy/recruitment/modules/recruitment/server/grails-app/conf:/home/roth/development/groovy/recruitment/modules/recruitment/server/build/classes/main:/home/roth/development/groovy/recruitment/modules/recruitment/server/build/resources/main:/home/roth/development/groovy/recruitment/modules/recruitment/server/build/gson-classes/main:/home/roth/.gradle/caches/modules-2/files-2.1/org.springframework.boot/spring-boot-starter-logging/1.5.8.RELEASE/ebc00a0e46753d90431fdcc5e3d6b9fd3bf1564a/spring-boot-starter-logging-1.5.8.RELEASE.jar:/home/roth/.gradle/caches/modules-2/files-2.1/org.springframework.boot/spring-boot-autoconfigure/1.5.8.RELEASE/e4f2efa4c319f4e3613d94fbccfdb5ccda6873e3/spring-boot-autoconfigure-1.5.8.RELEASE.jar:/home/roth/.gradle/caches/modules-2/files-2.1/org.grails/grails-core/3.3.2/824db64a3117fdc40b2a6bd4b5444e536453e51d/grails-core-3.3.2.jar:/home/roth/.gradle/caches/modules-2/files-2.1/org.springframework.boot/spring-boot-starter-actuator/1.5.8.RELEASE/927c40a1af518dc240dfdf7aaf0a9673c3a127c5/spring-boot-starter-actuator-1.5.8.RELEASE.jar:/home/roth/.gradle/caches/modules-2/files-2.1/org.springframework.boot/spring-boot-starter-tomcat/1.5.8.RELEASE/cf3b7eb7e192a60ab1dd09e4f8bce82710a5feb0/spring-boot-starter-tomcat-1.5.8.RELEASE.jar:/home/roth/.gradle/caches/modules-2/files-2.1/org.grails/grails-plugin-url-mappings/3.3.2/bd54a241118067e6a9276b053fdd26b70e5ef65/grails-plugin-url-mappings-3.3.2.jar:/home/roth/.gradle/caches/modules-2/files-2.1/org.grails/grails-plugin-rest/3.3.2/d748b4fb52d140ecc3edcf8771a2135621993378/grails-plugin-rest-3.3.2.jar:/home/roth/.gradle/caches/modules-2/files-2.1/org.grails/grails-plugin-codecs/3.3.2/f6f40decad83386a141
Launcher Type: SUN_STANDARD

Environment Variables:
JAVA_HOME=/usr/lib/jvm/java-8-openjdk-amd64/
PATH=/usr/lib/jvm/java-8-openjdk-amd64//bin:/home/roth/.sdkman/candidates/grails/3.3.2/bin:/home/roth/bin:/home/roth/.local/bin:/usr/local/sbin:/usr/local/bin:/usr/sbin:/usr/bin:/sbin:/bin:/usr/games:/usr/local/games:/snap/bin
SHELL=/bin/bash
DISPLAY=:0

Signal Handlers:
SIGSEGV: [libjvm.so+0xa69040], sa_mask[0]=11111111011111111101111111111110, sa_flags=SA_RESTART|SA_SIGINFO
SIGBUS: [libjvm.so+0xa69040], sa_mask[0]=11111111011111111101111111111110, sa_flags=SA_RESTART|SA_SIGINFO
SIGFPE: [libjvm.so+0x8b2170], sa_mask[0]=11111111011111111101111111111110, sa_flags=SA_RESTART|SA_SIGINFO
SIGPIPE: [libjvm.so+0x8b2170], sa_mask[0]=11111111011111111101111111111110, sa_flags=SA_RESTART|SA_SIGINFO
SIGXFSZ: [libjvm.so+0x8b2170], sa_mask[0]=11111111011111111101111111111110, sa_flags=SA_RESTART|SA_SIGINFO
SIGILL: [libjvm.so+0x8b2170], sa_mask[0]=11111111011111111101111111111110, sa_flags=SA_RESTART|SA_SIGINFO
SIGUSR1: SIG_DFL, sa_mask[0]=00000000000000000000000000000000, sa_flags=none
SIGUSR2: [libjvm.so+0x8b2020], sa_mask[0]=00100000000000000000000000000000, sa_flags=SA_RESTART|SA_SIGINFO
SIGHUP: SIG_DFL, sa_mask[0]=00000000000000000000000000000000, sa_flags=none
SIGINT: SIG_DFL, sa_mask[0]=00000000000000000000000000000000, sa_flags=none
SIGTERM: SIG_DFL, sa_mask[0]=00000000000000000000000000000000, sa_flags=none
SIGQUIT: SIG_DFL, sa_mask[0]=00000000000000000000000000000000, sa_flags=none


---------------  S Y S T E M  ---------------

OS:DISTRIB_ID=LinuxMint
DISTRIB_RELEASE=18.2
DISTRIB_CODENAME=sonya
DISTRIB_DESCRIPTION="Linux Mint 18.2 Sonya"

uname:Linux 4.8.0-53-generic #56~16.04.1-Ubuntu SMP Tue May 16 01:18:56 UTC 2017 x86_64
libc:glibc 2.23 NPTL 2.23 
rlimit: STACK 8192k, CORE 0k, NPROC 30592, NOFILE 65536, AS infinity
load average:1.94 1.13 0.88

/proc/meminfo:
MemTotal:        8057180 kB
MemFree:          272124 kB
MemAvailable:     329476 kB
Buffers:           18528 kB
Cached:           801324 kB
SwapCached:            0 kB
Active:          6819364 kB
Inactive:         660028 kB
Active(anon):    6682576 kB
Inactive(anon):   566752 kB
Active(file):     136788 kB
Inactive(file):    93276 kB
Unevictable:          32 kB
Mlocked:              32 kB
SwapTotal:             0 kB
SwapFree:              0 kB
Dirty:               144 kB
Writeback:            32 kB
AnonPages:       6658188 kB
Mapped:           374612 kB
Shmem:            589448 kB
Slab:             164124 kB
SReclaimable:      95380 kB
SUnreclaim:        68744 kB
KernelStack:       15296 kB
PageTables:        63188 kB
NFS_Unstable:          0 kB
Bounce:                0 kB
WritebackTmp:          0 kB
CommitLimit:     4028588 kB
Committed_AS:   13286432 kB
VmallocTotal:   34359738367 kB
VmallocUsed:           0 kB
VmallocChunk:          0 kB
HardwareCorrupted:     0 kB
AnonHugePages:   2121728 kB
ShmemHugePages:        0 kB
ShmemPmdMapped:        0 kB
CmaTotal:              0 kB
CmaFree:               0 kB
HugePages_Total:       0
HugePages_Free:        0
HugePages_Rsvd:        0
HugePages_Surp:        0
Hugepagesize:       2048 kB
DirectMap4k:      157564 kB
DirectMap2M:     8114176 kB


CPU:total 8 (initial active 8) (4 cores per cpu, 2 threads per core) family 6 model 58 stepping 9, cmov, cx8, fxsr, mmx, sse, sse2, sse3, ssse3, sse4.1, sse4.2, popcnt, avx, aes, clmul, erms, ht, tsc, tscinvbit, tscinv

/proc/cpuinfo:
processor	: 0
vendor_id	: GenuineIntel
cpu family	: 6
model		: 58
model name	: Intel(R) Core(TM) i7-3630QM CPU @ 2.40GHz
stepping	: 9
microcode	: 0x15
cpu MHz		: 3199.951
cache size	: 6144 KB
physical id	: 0
siblings	: 8
core id		: 0
cpu cores	: 4
apicid		: 0
initial apicid	: 0
fpu		: yes
fpu_exception	: yes
cpuid level	: 13
wp		: yes
flags		: fpu vme de pse tsc msr pae mce cx8 apic sep mtrr pge mca cmov pat pse36 clflush dts acpi mmx fxsr sse sse2 ss ht tm pbe syscall nx rdtscp lm constant_tsc arch_perfmon pebs bts rep_good nopl xtopology nonstop_tsc aperfmperf eagerfpu pni pclmulqdq dtes64 monitor ds_cpl vmx est tm2 ssse3 cx16 xtpr pdcm pcid sse4_1 sse4_2 x2apic popcnt tsc_deadline_timer aes xsave avx f16c rdrand lahf_lm epb tpr_shadow vnmi flexpriority ept vpid fsgsbase smep erms xsaveopt dtherm ida arat pln pts
bugs		:
bogomips	: 4789.13
clflush size	: 64
cache_alignment	: 64
address sizes	: 36 bits physical, 48 bits virtual
power management:

processor	: 1
vendor_id	: GenuineIntel
cpu family	: 6
model		: 58
model name	: Intel(R) Core(TM) i7-3630QM CPU @ 2.40GHz
stepping	: 9
microcode	: 0x15
cpu MHz		: 3199.951
cache size	: 6144 KB
physical id	: 0
siblings	: 8
core id		: 1
cpu cores	: 4
apicid		: 2
initial apicid	: 2
fpu		: yes
fpu_exception	: yes
cpuid level	: 13
wp		: yes
flags		: fpu vme de pse tsc msr pae mce cx8 apic sep mtrr pge mca cmov pat pse36 clflush dts acpi mmx fxsr sse sse2 ss ht tm pbe syscall nx rdtscp lm constant_tsc arch_perfmon pebs bts rep_good nopl xtopology nonstop_tsc aperfmperf eagerfpu pni pclmulqdq dtes64 monitor ds_cpl vmx est tm2 ssse3 cx16 xtpr pdcm pcid sse4_1 sse4_2 x2apic popcnt tsc_deadline_timer aes xsave avx f16c rdrand lahf_lm epb tpr_shadow vnmi flexpriority ept vpid fsgsbase smep erms xsaveopt dtherm ida arat pln pts
bugs		:
bogomips	: 4789.13
clflush size	: 64
cache_alignment	: 64
address sizes	: 36 bits physical, 48 bits virtual
power management:

processor	: 2
vendor_id	: GenuineIntel
cpu family	: 6
model		: 58
model name	: Intel(R) Core(TM) i7-3630QM CPU @ 2.40GHz
stepping	: 9
microcode	: 0x15
cpu MHz		: 3199.951
cache size	: 6144 KB
physical id	: 0
siblings	: 8
core id		: 2
cpu cores	: 4
apicid		: 4
initial apicid	: 4
fpu		: yes
fpu_exception	: yes
cpuid level	: 13
wp		: yes
flags		: fpu vme de pse tsc msr pae mce cx8 apic sep mtrr pge mca cmov pat pse36 clflush dts acpi mmx fxsr sse sse2 ss ht tm pbe syscall nx rdtscp lm constant_tsc arch_perfmon pebs bts rep_good nopl xtopology nonstop_tsc aperfmperf eagerfpu pni pclmulqdq dtes64 monitor ds_cpl vmx est tm2 ssse3 cx16 xtpr pdcm pcid sse4_1 sse4_2 x2apic popcnt tsc_deadline_timer aes xsave avx f16c rdrand lahf_lm epb tpr_shadow vnmi flexpriority ept vpid fsgsbase smep erms xsaveopt dtherm ida arat pln pts
bugs		:
bogomips	: 4789.13
clflush size	: 64
cache_alignment	: 64
address sizes	: 36 bits physical, 48 bits virtual
power management:

processor	: 3
vendor_id	: GenuineIntel
cpu family	: 6
model		: 58
model name	: Intel(R) Core(TM) i7-3630QM CPU @ 2.40GHz
stepping	: 9
microcode	: 0x15
cpu MHz		: 3199.951
cache size	: 6144 KB
physical id	: 0
siblings	: 8
core id		: 3
cpu cores	: 4
apicid		: 6
initial apicid	: 6
fpu		: yes
fpu_exception	: yes
cpuid level	: 13
wp		: yes
flags		: fpu vme de pse tsc msr pae mce cx8 apic sep mtrr pge mca cmov pat pse36 clflush dts acpi mmx fxsr sse sse2 ss ht tm pbe syscall nx rdtscp lm constant_tsc arch_perfmon pebs bts rep_good nopl xtopology nonstop_tsc aperfmperf eagerfpu pni pclmulqdq dtes64 monitor ds_cpl vmx est tm2 ssse3 cx16 xtpr pdcm pcid sse4_1 sse4_2 x2apic popcnt tsc_deadline_timer aes xsave avx f16c rdrand lahf_lm epb tpr_shadow vnmi flexpriority ept vpid fsgsbase smep erms xsaveopt dtherm ida arat pln pts
bugs		:
bogomips	: 4789.13
clflush size	: 64
cache_alignment	: 64
address sizes	: 36 bits physical, 48 bits virtual
power management:

processor	: 4
vendor_id	: GenuineIntel
cpu family	: 6
model		: 58
model name	: Intel(R) Core(TM) i7-3630QM CPU @ 2.40GHz
stepping	: 9
microcode	: 0x15
cpu MHz		: 3199.951
cache size	: 6144 KB
physical id	: 0
siblings	: 8
core id		: 0
cpu cores	: 4
apicid		: 1
initial apicid	: 1
fpu		: yes
fpu_exception	: yes
cpuid level	: 13
wp		: yes
flags		: fpu vme de pse tsc msr pae mce cx8 apic sep mtrr pge mca cmov pat pse36 clflush dts acpi mmx fxsr sse sse2 ss ht tm pbe syscall nx rdtscp lm constant_tsc arch_perfmon pebs bts rep_good nopl xtopology nonstop_tsc aperfmperf eagerfpu pni pclmulqdq dtes64 monitor ds_cpl vmx est tm2 ssse3 cx16 xtpr pdcm pcid sse4_1 sse4_2 x2apic popcnt tsc_deadline_timer aes xsave avx f16c rdrand lahf_lm epb tpr_shadow vnmi flexpriority ept vpid fsgsbase smep erms xsaveopt dtherm ida arat pln pts
bugs		:
bogomips	: 4789.13
clflush size	: 64
cache_alignment	: 64
address sizes	: 36 bits physical, 48 bits virtual
power management:

processor	: 5
vendor_id	: GenuineIntel
cpu family	: 6
model		: 58
model name	: Intel(R) Core(TM) i7-3630QM CPU @ 2.40GHz
stepping	: 9
microcode	: 0x15
cpu MHz		: 3199.804
cache size	: 6144 KB
physical id	: 0
siblings	: 8
core id		: 1
cpu cores	: 4
apicid		: 3
initial apicid	: 3
fpu		: yes
fpu_exception	: yes
cpuid level	: 13
wp		: yes
flags		: fpu vme de pse tsc msr pae mce cx8 apic sep mtrr pge mca cmov pat pse36 clflush dts acpi mmx fxsr sse sse2 ss ht tm pbe syscall nx rdtscp lm constant_tsc arch_perfmon pebs bts rep_good nopl xtopology nonstop_tsc aperfmperf eagerfpu pni pclmulqdq dtes64 monitor ds_cpl vmx est tm2 ssse3 cx16 xtpr pdcm pcid sse4_1 sse4_2 x2apic popcnt tsc_deadline_timer aes xsave avx f16c rdrand lahf_lm epb tpr_shadow vnmi flexpriority ept vpid fsgsbase smep erms xsaveopt dtherm ida arat pln pts
bugs		:
bogomips	: 4789.13
clflush size	: 64
cache_alignment	: 64
address sizes	: 36 bits physical, 48 bits virtual
power management:

processor	: 6
vendor_id	: GenuineIntel
cpu family	: 6
model		: 58
model name	: Intel(R) Core(TM) i7-3630QM CPU @ 2.40GHz
stepping	: 9
microcode	: 0x15
cpu MHz		: 3199.951
cache size	: 6144 KB
physical id	: 0
siblings	: 8
core id		: 2
cpu cores	: 4
apicid		: 5
initial apicid	: 5
fpu		: yes
fpu_exception	: yes
cpuid level	: 13
wp		: yes
flags		: fpu vme de pse tsc msr pae mce cx8 apic sep mtrr pge mca cmov pat pse36 clflush dts acpi mmx fxsr sse sse2 ss ht tm pbe syscall nx rdtscp lm constant_tsc arch_perfmon pebs bts rep_good nopl xtopology nonstop_tsc aperfmperf eagerfpu pni pclmulqdq dtes64 monitor ds_cpl vmx est tm2 ssse3 cx16 xtpr pdcm pcid sse4_1 sse4_2 x2apic popcnt tsc_deadline_timer aes xsave avx f16c rdrand lahf_lm epb tpr_shadow vnmi flexpriority ept vpid fsgsbase smep erms xsaveopt dtherm ida arat pln pts
bugs		:
bogomips	: 4789.13
clflush size	: 64
cache_alignment	: 64
address sizes	: 36 bits physical, 48 bits virtual
power management:

processor	: 7
vendor_id	: GenuineIntel
cpu family	: 6
model		: 58
model name	: Intel(R) Core(TM) i7-3630QM CPU @ 2.40GHz
stepping	: 9
microcode	: 0x15
cpu MHz		: 3199.951
cache size	: 6144 KB
physical id	: 0
siblings	: 8
core id		: 3
cpu cores	: 4
apicid		: 7
initial apicid	: 7
fpu		: yes
fpu_exception	: yes
cpuid level	: 13
wp		: yes
flags		: fpu vme de pse tsc msr pae mce cx8 apic sep mtrr pge mca cmov pat pse36 clflush dts acpi mmx fxsr sse sse2 ss ht tm pbe syscall nx rdtscp lm constant_tsc arch_perfmon pebs bts rep_good nopl xtopology nonstop_tsc aperfmperf eagerfpu pni pclmulqdq dtes64 monitor ds_cpl vmx est tm2 ssse3 cx16 xtpr pdcm pcid sse4_1 sse4_2 x2apic popcnt tsc_deadline_timer aes xsave avx f16c rdrand lahf_lm epb tpr_shadow vnmi flexpriority ept vpid fsgsbase smep erms xsaveopt dtherm ida arat pln pts
bugs		:
bogomips	: 4789.13
clflush size	: 64
cache_alignment	: 64
address sizes	: 36 bits physical, 48 bits virtual
power management:



Memory: 4k page, physical 8057180k(272124k free), swap 0k(0k free)

vm_info: OpenJDK 64-Bit Server VM (25.151-b12) for linux-amd64 JRE (1.8.0_151-8u151-b12-0ubuntu0.16.04.2-b12), built on Oct 27 2017 21:59:02 by "buildd" with gcc 5.4.0 20160609

time: Thu Jan 25 11:27:24 2018
elapsed time: 0 seconds (0d 0h 0m 0s)

